\BOOKMARK [0][-]{section*.1}{Obsah}{}% 1
\BOOKMARK [1][-]{section*.2}{Skaustk\341 hymna a Vecerka}{section*.1}% 2
\BOOKMARK [1][-]{section*.6}{Cernej pasa\236\351r}{section*.1}% 3
\BOOKMARK [1][-]{section*.8}{Cernob\355l\375 svet}{section*.1}% 4
\BOOKMARK [1][-]{section*.10}{Do Ameriky}{section*.1}% 5
\BOOKMARK [1][-]{section*.12}{Do dne a do roka}{section*.1}% 6
\BOOKMARK [1][-]{section*.14}{God's Gonna Cut You Down}{section*.1}% 7
\BOOKMARK [1][-]{section*.16}{Hallelujah}{section*.1}% 8
\BOOKMARK [1][-]{section*.18}{Hey Ho}{section*.1}% 9
\BOOKMARK [1][-]{section*.20}{Hl\355dac krav}{section*.1}% 10
\BOOKMARK [1][-]{section*.22}{Je jak\341 je}{section*.1}% 11
\BOOKMARK [1][-]{section*.24}{Kamar\341di}{section*.1}% 12
\BOOKMARK [1][-]{section*.26}{Karavana mraku}{section*.1}% 13
\BOOKMARK [1][-]{section*.28}{Knocking On Heaven's Door}{section*.1}% 14
\BOOKMARK [1][-]{section*.30}{Kutil}{section*.1}% 15
\BOOKMARK [1][-]{section*.32}{Lano co k nebi n\341s pout\341}{section*.1}% 16
\BOOKMARK [1][-]{section*.34}{Leaving On A Jet Plane}{section*.1}% 17
\BOOKMARK [1][-]{section*.36}{Lemon Tree}{section*.1}% 18
\BOOKMARK [1][-]{section*.38}{Made in Valmez}{section*.1}% 19
\BOOKMARK [1][-]{section*.40}{Milion\341r}{section*.1}% 20
\BOOKMARK [1][-]{section*.42}{Orlice}{section*.1}% 21
\BOOKMARK [1][-]{section*.44}{Ostravo}{section*.1}% 22
\BOOKMARK [1][-]{section*.46}{Pangaj\363}{section*.1}% 23
\BOOKMARK [1][-]{section*.48}{P\355snicka pro Tebe}{section*.1}% 24
\BOOKMARK [1][-]{section*.50}{Podzimn\355}{section*.1}% 25
\BOOKMARK [1][-]{section*.52}{Prevrat v Ban\341nov\351 republice}{section*.1}% 26
\BOOKMARK [1][-]{section*.54}{R\341da se miluje}{section*.1}% 27
\BOOKMARK [1][-]{section*.56}{Slav\355ci z Madridu}{section*.1}% 28
\BOOKMARK [1][-]{section*.58}{Sound Of Silence}{section*.1}% 29
\BOOKMARK [1][-]{section*.60}{Traktor}{section*.1}% 30
\BOOKMARK [1][-]{section*.62}{What Makes You Beautiful}{section*.1}% 31
\BOOKMARK [1][-]{section*.64}{My pluli}{section*.1}% 32
