\BOOKMARK [1][-]{section*.1}{Skautsk\341 hymna a Vecerka}{}% 1
\BOOKMARK [1][-]{section*.6}{1. sign\341ln\355}{}% 2
\BOOKMARK [1][-]{section*.9}{Always Look On The Bright Side Of Life}{}% 3
\BOOKMARK [1][-]{section*.12}{Amerika}{}% 4
\BOOKMARK [1][-]{section*.15}{Andel}{}% 5
\BOOKMARK [1][-]{section*.18}{Antidepresivn\355 rybicka}{}% 6
\BOOKMARK [1][-]{section*.21}{Andelsk\341}{}% 7
\BOOKMARK [1][-]{section*.24}{Bastila}{}% 8
\BOOKMARK [1][-]{section*.27}{Batalion}{}% 9
\BOOKMARK [1][-]{section*.30}{Bonanza}{}% 10
\BOOKMARK [1][-]{section*.33}{Bo\236\355 vlak}{}% 11
\BOOKMARK [1][-]{section*.36}{Bujonet}{}% 12
\BOOKMARK [1][-]{section*.39}{Carpe Diem}{}% 13
\BOOKMARK [1][-]{section*.42}{Cestou do Jenkovic}{}% 14
\BOOKMARK [1][-]{section*.45}{Cestou od hrbitova}{}% 15
\BOOKMARK [1][-]{section*.48}{Cernej pasa\236\351r}{}% 16
\BOOKMARK [1][-]{section*.51}{Cernob\355l\375 svet}{}% 17
\BOOKMARK [1][-]{section*.54}{Danse macabre}{}% 18
\BOOKMARK [1][-]{section*.57}{Darmodej}{}% 19
\BOOKMARK [1][-]{section*.60}{Dej mi v\355c sv\351 l\341sky}{}% 20
\BOOKMARK [1][-]{section*.63}{De N\356mes}{}% 21
\BOOKMARK [1][-]{section*.66}{Dezol\341t}{}% 22
\BOOKMARK [1][-]{section*.69}{Do Ameriky}{}% 23
\BOOKMARK [1][-]{section*.72}{Do dne a do roka}{}% 24
\BOOKMARK [1][-]{section*.75}{Dokud se zp\355v\341}{}% 25
\BOOKMARK [1][-]{section*.78}{Dopis}{}% 26
\BOOKMARK [1][-]{section*.81}{Franky Dlouh\341n}{}% 27
\BOOKMARK [1][-]{section*.84}{God's Gonna Cut You Down}{}% 28
\BOOKMARK [1][-]{section*.87}{Hallelujah}{}% 29
\BOOKMARK [1][-]{section*.90}{Hercegovina}{}% 30
\BOOKMARK [1][-]{section*.93}{Hey Ho}{}% 31
\BOOKMARK [1][-]{section*.96}{Hl\355dac krav}{}% 32
\BOOKMARK [1][-]{section*.99}{Hodinov\375 hotel}{}% 33
\BOOKMARK [1][-]{section*.102}{Hotel Hillary}{}% 34
\BOOKMARK [1][-]{section*.105}{Houpej se clunku mal\375}{}% 35
\BOOKMARK [1][-]{section*.108}{House Of The Rising Sun}{}% 36
\BOOKMARK [1][-]{section*.111}{Houslicky}{}% 37
\BOOKMARK [1][-]{section*.114}{Hru\235ka}{}% 38
\BOOKMARK [1][-]{section*.117}{Hurt}{}% 39
\BOOKMARK [1][-]{section*.120}{Chci ti r\355ct}{}% 40
\BOOKMARK [1][-]{section*.123}{I cesta mu\236e b\375t c\355l}{}% 41
\BOOKMARK [1][-]{section*.126}{Indian}{}% 42
\BOOKMARK [1][-]{section*.129}{Je jak\341 je}{}% 43
\BOOKMARK [1][-]{section*.132}{Je\235te jedno kafe}{}% 44
\BOOKMARK [1][-]{section*.135}{John Brown}{}% 45
\BOOKMARK [1][-]{section*.138}{Kalifornan\351}{}% 46
\BOOKMARK [1][-]{section*.141}{Kamar\341di}{}% 47
\BOOKMARK [1][-]{section*.144}{Karavana mraku}{}% 48
\BOOKMARK [1][-]{section*.147}{Kluzi\235te}{}% 49
\BOOKMARK [1][-]{section*.150}{Knocking On Heaven's Door}{}% 50
\BOOKMARK [1][-]{section*.153}{Kometa}{}% 51
\BOOKMARK [1][-]{section*.156}{Kov\341rna}{}% 52
\BOOKMARK [1][-]{section*.159}{Kr\341l a klaun}{}% 53
\BOOKMARK [1][-]{section*.162}{Kutil}{}% 54
\BOOKMARK [1][-]{section*.165}{Lano, co k nebi n\341s pout\341}{}% 55
\BOOKMARK [1][-]{section*.168}{Leaving On A Jet Plane}{}% 56
\BOOKMARK [1][-]{section*.171}{Lemon Tree}{}% 57
\BOOKMARK [1][-]{section*.174}{Let It Be}{}% 58
\BOOKMARK [1][-]{section*.177}{Let\355m hledat svety}{}% 59
\BOOKMARK [1][-]{section*.180}{Lilie}{}% 60
\BOOKMARK [1][-]{section*.183}{Li\235aji}{}% 61
\BOOKMARK [1][-]{section*.186}{Lodka Mal\341}{}% 62
\BOOKMARK [1][-]{section*.189}{Lokomotiva}{}% 63
\BOOKMARK [1][-]{section*.192}{Made in Valmez}{}% 64
\BOOKMARK [1][-]{section*.195}{Mezi Horami}{}% 65
\BOOKMARK [1][-]{section*.198}{Mes\355c}{}% 66
\BOOKMARK [1][-]{section*.201}{Milion\341r}{}% 67
\BOOKMARK [1][-]{section*.204}{Milion\341r II}{}% 68
\BOOKMARK [1][-]{section*.207}{Mladick\341 b\341sn\355rka}{}% 69
\BOOKMARK [1][-]{section*.210}{Modlitba pro partu}{}% 70
\BOOKMARK [1][-]{section*.213}{Muzeum}{}% 71
\BOOKMARK [1][-]{section*.216}{Nad st\341dem kon\355}{}% 72
\BOOKMARK [1][-]{section*.219}{Nagasaki Hiro\235ima}{}% 73
\BOOKMARK [1][-]{section*.222}{Nebe peklo r\341j}{}% 74
\BOOKMARK [1][-]{section*.225}{Nebe\235t\355 jezdci}{}% 75
\BOOKMARK [1][-]{section*.228}{Nejl\355p jim bylo}{}% 76
\BOOKMARK [1][-]{section*.231}{Nezach\341zej slunce}{}% 77
\BOOKMARK [1][-]{section*.234}{One}{}% 78
\BOOKMARK [1][-]{section*.237}{Orlice}{}% 79
\BOOKMARK [1][-]{section*.240}{Osm\341 barva duhy}{}% 80
\BOOKMARK [1][-]{section*.243}{Ostravo}{}% 81
\BOOKMARK [1][-]{section*.246}{Pangaj\363}{}% 82
\BOOKMARK [1][-]{section*.249}{Partyz\341n}{}% 83
\BOOKMARK [1][-]{section*.252}{Pa\236itka}{}% 84
\BOOKMARK [1][-]{section*.255}{Perfect Day}{}% 85
\BOOKMARK [1][-]{section*.258}{Personal Jesus}{}% 86
\BOOKMARK [1][-]{section*.261}{Peterburg}{}% 87
\BOOKMARK [1][-]{section*.264}{Pij\341novka}{}% 88
\BOOKMARK [1][-]{section*.267}{P\355snicka pro Tebe}{}% 89
\BOOKMARK [1][-]{section*.270}{Podzimn\355}{}% 90
\BOOKMARK [1][-]{section*.273}{Poh\341dka}{}% 91
\BOOKMARK [1][-]{section*.276}{Poh\341r a Kalich}{}% 92
\BOOKMARK [1][-]{section*.279}{Pro malou Lenku}{}% 93
\BOOKMARK [1][-]{section*.282}{Prevrat v Ban\341nov\351 republice}{}% 94
\BOOKMARK [1][-]{section*.285}{Py\235n\375 Janek}{}% 95
\BOOKMARK [1][-]{section*.288}{R\341da se miluje}{}% 96
\BOOKMARK [1][-]{section*.291}{Radioactive}{}% 97
\BOOKMARK [1][-]{section*.294}{Russian mystic pop IV.}{}% 98
\BOOKMARK [1][-]{section*.297}{Rekni, kde ty kytky jsou}{}% 99
\BOOKMARK [1][-]{section*.300}{Riptide}{}% 100
\BOOKMARK [1][-]{section*.303}{Sametov\341}{}% 101
\BOOKMARK [1][-]{section*.306}{Sarajevo}{}% 102
\BOOKMARK [1][-]{section*.309}{S\341ro!}{}% 103
\BOOKMARK [1][-]{section*.312}{Slaboch Ben}{}% 104
\BOOKMARK [1][-]{section*.315}{Slav\355ci z Madridu}{}% 105
\BOOKMARK [1][-]{section*.318}{Slova}{}% 106
\BOOKMARK [1][-]{section*.321}{Soudn\375 Den}{}% 107
\BOOKMARK [1][-]{section*.324}{Sound Of Silence}{}% 108
\BOOKMARK [1][-]{section*.327}{Space Oddity}{}% 109
\BOOKMARK [1][-]{section*.330}{St\341nky}{}% 110
\BOOKMARK [1][-]{section*.333}{Star\351 dobr\351 casy}{}% 111
\BOOKMARK [1][-]{section*.336}{St\355n}{}% 112
\BOOKMARK [1][-]{section*.339}{Strom k\375ve pah\375ly}{}% 113
\BOOKMARK [1][-]{section*.342}{Studen\375 nohy}{}% 114
\BOOKMARK [1][-]{section*.345}{Svatebn\355}{}% 115
\BOOKMARK [1][-]{section*.348}{Svatebn\355 p\355sen}{}% 116
\BOOKMARK [1][-]{section*.351}{Sv\351 Rocky Mountains}{}% 117
\BOOKMARK [1][-]{section*.354}{To ta Helpa}{}% 118
\BOOKMARK [1][-]{section*.357}{Traktor}{}% 119
\BOOKMARK [1][-]{section*.360}{Trezor}{}% 120
\BOOKMARK [1][-]{section*.363}{Tu kytaru jsem koupil kvuli tobe}{}% 121
\BOOKMARK [1][-]{section*.366}{U\236 sly\235\355m Bo\236\355 ml\375ny}{}% 122
\BOOKMARK [1][-]{section*.369}{U\236 to nenaprav\355m}{}% 123
\BOOKMARK [1][-]{section*.372}{Velicenstvo Kat}{}% 124
\BOOKMARK [1][-]{section*.375}{Velmi nesmel\341}{}% 125
\BOOKMARK [1][-]{section*.378}{Ve skr\355ni}{}% 126
\BOOKMARK [1][-]{section*.381}{Vedel pan Cicero}{}% 127
\BOOKMARK [1][-]{section*.384}{Vlachovka}{}% 128
\BOOKMARK [1][-]{section*.387}{Vlajky vlaj\355}{}% 129
\BOOKMARK [1][-]{section*.390}{Vla\235tovko let}{}% 130
\BOOKMARK [1][-]{section*.393}{Vla\235tovky}{}% 131
\BOOKMARK [1][-]{section*.396}{What Makes You Beautiful}{}% 132
\BOOKMARK [1][-]{section*.399}{What Shall We Do With the Drunken Sailor}{}% 133
\BOOKMARK [1][-]{section*.402}{Wonderwall}{}% 134
\BOOKMARK [1][-]{section*.405}{Zabili, zabili}{}% 135
\BOOKMARK [1][-]{section*.408}{Zatanci}{}% 136
\BOOKMARK [1][-]{section*.411}{My pluli}{}% 137
